<?xml version="1.0" encoding="UTF-8"?>
<!-- Generated by org.testng.reporters.JUnitReportReporter -->
<testsuite skipped="0" hostname="DESKTOP-IBCQD3T" name="TestNGParallelExecution.TestB" tests="1" failures="0" timestamp="2020-01-01T15:42:35 IST" time="10.011" errors="0">
  <testcase name="testB" time="10.011" classname="TestNGParallelExecution.TestB"/>
</testsuite> <!-- TestNGParallelExecution.TestB -->
